TN:
SF:C:/bootcamp/book/Book-A-Meal/app.js
FN:21,(anonymous_1)
FN:22,(anonymous_2)
FNF:2
FNH:2
FNDA:2,(anonymous_1)
FNDA:1,(anonymous_2)
DA:1,1
DA:2,1
DA:3,1
DA:4,1
DA:5,1
DA:6,1
DA:7,1
DA:8,1
DA:10,1
DA:11,1
DA:12,1
DA:13,1
DA:14,1
DA:15,1
DA:16,1
DA:17,1
DA:18,1
DA:19,1
DA:21,2
DA:22,1
DA:23,1
LF:21
LH:21
BRDA:22,0,0,1
BRDA:22,0,1,1
BRF:2
BRH:2
end_of_record
TN:
SF:C:/bootcamp/book/Book-A-Meal/server/config/config.js
FNF:0
FNH:0
DA:1,1
LF:1
LH:1
BRF:0
BRH:0
end_of_record
TN:
SF:C:/bootcamp/book/Book-A-Meal/server/controller/meal.js
FNF:0
FNH:0
DA:3,1
DA:40,0
DA:41,0
DA:43,0
DA:50,0
DA:71,0
DA:72,0
DA:73,0
DA:77,0
DA:78,0
DA:81,0
LF:11
LH:1
BRDA:12,0,0,0
BRDA:26,1,0,0
BRDA:29,2,0,0
BRDA:29,2,1,0
BRDA:32,3,0,0
BRDA:32,3,1,0
BRDA:40,4,0,0
BRDA:40,4,1,0
BRDA:40,5,0,0
BRDA:40,5,1,0
BRDA:56,6,0,0
BRDA:62,7,0,0
BRDA:71,8,0,0
BRDA:71,8,1,0
BRDA:72,9,0,0
BRDA:72,9,1,0
BRDA:73,10,0,0
BRDA:73,10,1,0
BRDA:77,11,0,0
BRDA:77,11,1,0
BRDA:77,12,0,0
BRDA:77,12,1,0
BRDA:92,13,0,0
BRDA:97,14,0,0
BRF:24
BRH:0
end_of_record
TN:
SF:C:/bootcamp/book/Book-A-Meal/server/controller/menu.js
FNF:0
FNH:0
DA:1,1
DA:2,1
DA:24,0
DA:30,0
DA:31,0
DA:32,0
DA:37,0
DA:42,0
LF:8
LH:2
BRDA:24,0,0,0
BRDA:24,0,1,0
BRDA:42,1,0,0
BRDA:42,1,1,0
BRDA:56,2,0,0
BRF:5
BRH:0
end_of_record
TN:
SF:C:/bootcamp/book/Book-A-Meal/server/controller/order.js
FN:38,(anonymous_16)
FNF:1
FNH:0
FNDA:0,(anonymous_16)
DA:1,1
DA:2,1
DA:38,0
DA:39,0
DA:59,0
DA:60,0
DA:61,0
DA:95,0
DA:96,0
DA:97,0
LF:10
LH:2
BRDA:32,0,0,0
BRDA:39,1,0,0
BRDA:39,1,1,0
BRDA:68,2,0,0
BRDA:95,3,0,0
BRDA:95,3,1,0
BRDA:96,4,0,0
BRDA:96,4,1,0
BRDA:97,5,0,0
BRDA:97,5,1,0
BRDA:110,6,0,0
BRF:11
BRH:0
end_of_record
TN:
SF:C:/bootcamp/book/Book-A-Meal/server/controller/user.js
FN:14,(anonymous_16)
FN:15,(anonymous_17)
FN:46,(anonymous_22)
FNF:3
FNH:0
FNDA:0,(anonymous_16)
FNDA:0,(anonymous_17)
FNDA:0,(anonymous_22)
DA:1,1
DA:2,1
DA:4,1
DA:7,1
DA:15,0
DA:16,0
DA:17,0
DA:21,0
DA:46,0
DA:47,0
DA:48,0
DA:56,0
DA:60,0
LF:13
LH:4
BRDA:16,0,0,0
BRDA:16,0,1,0
BRDA:21,1,0,0
BRDA:21,1,1,0
BRDA:47,2,0,0
BRDA:47,2,1,0
BRDA:82,3,0,0
BRF:7
BRH:0
end_of_record
TN:
SF:C:/bootcamp/book/Book-A-Meal/server/middleware/validate.js
FN:17,(anonymous_16)
FN:31,(anonymous_21)
FNF:2
FNH:0
FNDA:0,(anonymous_16)
FNDA:0,(anonymous_21)
DA:2,1
DA:3,1
DA:4,1
DA:6,1
DA:17,0
DA:18,0
DA:19,0
DA:21,0
DA:22,0
DA:31,0
DA:32,0
DA:33,0
DA:35,0
DA:36,0
DA:38,0
DA:39,0
DA:68,0
DA:74,4
DA:104,0
DA:105,0
DA:106,0
DA:107,0
DA:130,0
DA:145,0
LF:24
LH:5
BRDA:12,0,0,0
BRDA:18,1,0,0
BRDA:18,1,1,0
BRDA:26,2,0,0
BRDA:32,3,0,0
BRDA:32,3,1,0
BRDA:35,4,0,0
BRDA:35,4,1,0
BRDA:35,5,0,0
BRDA:35,5,1,0
BRDA:46,6,0,0
BRDA:51,7,0,0
BRDA:51,7,1,0
BRDA:51,7,2,0
BRDA:65,8,0,0
BRDA:82,9,0,0
BRDA:82,9,1,0
BRDA:90,10,0,0
BRDA:100,11,0,0
BRDA:119,12,0,0
BRDA:121,13,0,0
BRDA:124,14,0,0
BRDA:127,15,0,0
BRDA:138,16,0,0
BRDA:138,16,1,0
BRDA:142,17,0,0
BRF:26
BRH:0
end_of_record
TN:
SF:C:/bootcamp/book/Book-A-Meal/server/models/index.js
FN:20,(anonymous_0)
FN:21,(anonymous_1)
FN:26,(anonymous_2)
FNF:3
FNH:3
FNDA:7,(anonymous_0)
FNDA:6,(anonymous_1)
FNDA:6,(anonymous_2)
DA:3,1
DA:4,1
DA:5,1
DA:7,1
DA:8,1
DA:9,1
DA:10,1
DA:11,1
DA:12,1
DA:13,0
DA:15,1
DA:18,1
DA:20,7
DA:22,6
DA:23,6
DA:26,1
DA:27,6
DA:28,5
DA:32,1
DA:33,1
DA:35,1
LF:21
LH:20
BRDA:8,0,0,1
BRDA:8,0,1,1
BRDA:12,1,0,0
BRDA:12,1,1,1
BRDA:20,2,0,7
BRDA:20,2,1,7
BRDA:20,2,2,6
BRDA:27,3,0,5
BRDA:27,3,1,1
BRF:9
BRH:8
end_of_record
TN:
SF:C:/bootcamp/book/Book-A-Meal/server/models/meal.js
FN:2,(anonymous_0)
FN:18,(anonymous_1)
FNF:2
FNH:2
FNDA:1,(anonymous_0)
FNDA:1,(anonymous_1)
DA:2,1
DA:3,1
DA:18,1
DA:19,1
DA:23,1
DA:27,1
DA:32,1
LF:7
LH:7
BRF:0
BRH:0
end_of_record
TN:
SF:C:/bootcamp/book/Book-A-Meal/server/models/mealmenu.js
FN:2,(anonymous_0)
FN:7,associate
FNF:2
FNH:1
FNDA:1,(anonymous_0)
FNDA:0,associate
DA:2,1
DA:3,1
DA:13,1
LF:3
LH:3
BRF:0
BRH:0
end_of_record
TN:
SF:C:/bootcamp/book/Book-A-Meal/server/models/menu.js
FN:2,(anonymous_0)
FN:16,(anonymous_1)
FNF:2
FNH:2
FNDA:1,(anonymous_0)
FNDA:1,(anonymous_1)
DA:2,1
DA:3,1
DA:16,1
DA:17,1
DA:21,1
DA:27,1
LF:6
LH:6
BRF:0
BRH:0
end_of_record
TN:
SF:C:/bootcamp/book/Book-A-Meal/server/models/notification.js
FN:2,(anonymous_0)
FN:6,(anonymous_1)
FNF:2
FNH:2
FNDA:1,(anonymous_0)
FNDA:1,(anonymous_1)
DA:2,1
DA:3,1
DA:6,1
DA:7,1
DA:12,1
LF:5
LH:5
BRF:0
BRH:0
end_of_record
TN:
SF:C:/bootcamp/book/Book-A-Meal/server/models/order.js
FN:2,(anonymous_0)
FN:24,(anonymous_1)
FNF:2
FNH:2
FNDA:1,(anonymous_0)
FNDA:1,(anonymous_1)
DA:2,1
DA:3,1
DA:24,1
DA:25,1
DA:29,1
DA:34,1
LF:6
LH:6
BRF:0
BRH:0
end_of_record
TN:
SF:C:/bootcamp/book/Book-A-Meal/server/models/user.js
FN:2,(anonymous_0)
FN:26,(anonymous_1)
FNF:2
FNH:2
FNDA:1,(anonymous_0)
FNDA:1,(anonymous_1)
DA:2,1
DA:3,1
DA:26,1
DA:27,1
DA:31,1
DA:35,1
DA:39,1
DA:44,1
LF:8
LH:8
BRF:0
BRH:0
end_of_record
TN:
SF:C:/bootcamp/book/Book-A-Meal/server/route/meal.js
FN:21,filename
FNF:1
FNH:0
FNDA:0,filename
DA:2,1
DA:3,1
DA:4,1
DA:5,1
DA:8,1
DA:9,1
DA:11,1
DA:12,1
DA:13,1
DA:15,1
DA:21,1
DA:25,0
DA:28,1
DA:33,1
DA:35,1
DA:37,1
DA:39,1
LF:17
LH:16
BRF:0
BRH:0
end_of_record
TN:
SF:C:/bootcamp/book/Book-A-Meal/server/route/menu.js
FNF:0
FNH:0
DA:2,1
DA:3,1
DA:5,1
DA:7,1
DA:8,1
DA:9,1
DA:14,1
DA:16,1
DA:18,1
LF:9
LH:9
BRF:0
BRH:0
end_of_record
TN:
SF:C:/bootcamp/book/Book-A-Meal/server/route/order.js
FNF:0
FNH:0
DA:2,1
DA:4,1
DA:5,1
DA:7,1
DA:8,1
DA:9,1
DA:12,1
DA:13,1
DA:14,1
LF:9
LH:9
BRF:0
BRH:0
end_of_record
TN:
SF:C:/bootcamp/book/Book-A-Meal/server/route/user.js
FNF:0
FNH:0
DA:2,1
DA:3,1
DA:4,1
DA:6,1
DA:7,1
DA:9,1
DA:13,1
DA:14,1
DA:17,1
LF:9
LH:9
BRF:0
BRH:0
end_of_record
