TN:
SF:C:/bootcamp/book/Book-A-Meal/app.js
FN:15,(anonymous_1)
FN:16,(anonymous_2)
FNF:2
FNH:1
FNDA:0,(anonymous_1)
FNDA:1,(anonymous_2)
DA:1,1
DA:2,1
DA:3,1
DA:4,1
DA:5,1
DA:7,1
DA:8,1
DA:9,1
DA:10,1
DA:11,1
DA:12,1
DA:13,1
DA:15,1
DA:16,1
DA:17,1
LF:15
LH:15
BRDA:16,0,0,1
BRDA:16,0,1,1
BRF:2
BRH:2
end_of_record
TN:
SF:C:/bootcamp/book/Book-A-Meal/server/controllers/meals.js
FNF:0
FNH:0
DA:1,1
DA:6,1
DA:7,1
DA:9,0
DA:11,14
DA:12,3
DA:13,9
DA:14,3
DA:15,1
DA:17,4
DA:18,4
DA:19,1
DA:22,1
DA:23,1
DA:24,1
DA:29,14
DA:30,2
DA:31,2
DA:32,8
DA:33,8
DA:34,1
DA:35,1
DA:36,1
DA:37,1
DA:43,2
DA:45,14
DA:46,2
DA:47,8
DA:48,8
DA:49,1
DA:50,1
DA:53,1
LF:32
LH:31
BRDA:6,0,0,1
BRDA:6,0,1,0
BRDA:14,1,0,1
BRDA:14,1,1,2
BRDA:14,2,0,3
BRDA:14,2,1,2
BRDA:14,2,2,2
BRDA:18,3,0,1
BRDA:18,3,1,3
BRDA:11,4,0,2
BRDA:11,4,1,5
BRDA:33,5,0,1
BRDA:33,5,1,7
BRDA:29,6,0,2
BRDA:29,6,1,4
BRDA:48,7,0,1
BRDA:48,7,1,7
BRDA:45,8,0,2
BRDA:45,8,1,5
BRF:19
BRH:18
end_of_record
TN:
SF:C:/bootcamp/book/Book-A-Meal/server/controllers/menus.js
FNF:0
FNH:0
DA:1,1
DA:2,1
DA:3,1
DA:7,14
DA:8,2
DA:9,4
DA:10,4
DA:11,2
DA:13,2
DA:14,1
DA:17,48
DA:18,18
DA:19,18
DA:20,6
DA:24,2
DA:25,2
DA:27,2
DA:32,2
DA:39,14
DA:40,2
DA:41,2
DA:42,4
DA:43,4
DA:44,2
DA:47,2
DA:48,1
DA:49,1
DA:55,1
LF:28
LH:28
BRDA:13,0,0,1
BRDA:13,0,1,1
BRDA:19,1,0,6
BRDA:19,1,1,12
BRDA:17,2,0,6
BRDA:17,2,1,12
BRDA:7,3,0,2
BRDA:7,3,1,4
BRDA:24,4,0,2
BRDA:24,4,1,0
BRDA:43,5,0,2
BRDA:43,5,1,2
BRDA:39,6,0,2
BRDA:39,6,1,4
BRDA:47,7,0,1
BRDA:47,7,1,1
BRF:16
BRH:15
end_of_record
TN:
SF:C:/bootcamp/book/Book-A-Meal/server/controllers/orders.js
FNF:0
FNH:0
DA:1,1
DA:2,1
DA:5,35
DA:6,4
DA:9,24
DA:10,4
DA:11,4
DA:12,1
DA:14,3
DA:15,3
DA:16,9
DA:17,9
DA:18,2
DA:21,3
DA:22,1
DA:24,2
DA:25,2
DA:26,1
DA:29,2
DA:30,1
DA:32,1
DA:33,1
DA:34,1
DA:37,1
DA:38,1
DA:39,1
DA:43,14
DA:44,2
DA:45,2
DA:46,6
DA:47,4
DA:48,4
DA:49,1
DA:50,1
DA:51,1
DA:52,1
DA:54,1
DA:55,1
DA:56,1
DA:62,1
DA:65,1
DA:66,1
DA:68,0
LF:43
LH:42
BRDA:11,0,0,1
BRDA:11,0,1,3
BRDA:11,1,0,4
BRDA:11,1,1,3
BRDA:11,1,2,3
BRDA:17,2,0,2
BRDA:17,2,1,7
BRDA:5,3,0,5
BRDA:5,3,1,10
BRDA:21,4,0,1
BRDA:21,4,1,2
BRDA:25,5,0,1
BRDA:25,5,1,1
BRDA:29,6,0,1
BRDA:29,6,1,1
BRDA:48,7,0,1
BRDA:48,7,1,3
BRDA:49,8,0,1
BRDA:49,8,1,0
BRDA:50,9,0,1
BRDA:50,9,1,0
BRDA:51,10,0,1
BRDA:51,10,1,0
BRDA:52,11,0,1
BRDA:52,11,1,0
BRDA:43,12,0,2
BRDA:43,12,1,5
BRDA:65,13,0,1
BRDA:65,13,1,0
BRF:29
BRH:24
end_of_record
TN:
SF:C:/bootcamp/book/Book-A-Meal/server/models/meal.js
FNF:0
FNH:0
DA:1,1
LF:1
LH:1
BRF:0
BRH:0
end_of_record
TN:
SF:C:/bootcamp/book/Book-A-Meal/server/models/menu.js
FNF:0
FNH:0
DA:1,1
LF:1
LH:1
BRF:0
BRH:0
end_of_record
TN:
SF:C:/bootcamp/book/Book-A-Meal/server/models/order.js
FNF:0
FNH:0
DA:1,1
LF:1
LH:1
BRF:0
BRH:0
end_of_record
TN:
SF:C:/bootcamp/book/Book-A-Meal/server/route/route.js
FNF:0
FNH:0
DA:3,1
DA:4,1
DA:5,1
DA:6,1
DA:8,1
DA:11,1
DA:12,1
DA:13,1
DA:14,1
DA:17,1
DA:19,1
DA:22,1
DA:23,1
DA:24,1
LF:14
LH:14
BRF:0
BRH:0
end_of_record
